<?xml version="1.0" encoding="UTF-8"?>
<testng-results ignored="0" total="2" passed="2" failed="0" skipped="0">
  <reporter-output>
  </reporter-output>
  <suite started-at="2022-07-01T15:34:45 IST" name="Suite" finished-at="2022-07-01T15:34:45 IST" duration-ms="69">
    <groups>
    </groups>
    <test started-at="2022-07-01T15:34:45 IST" name="Test" finished-at="2022-07-01T15:34:45 IST" duration-ms="69">
      <class name="testlog.testlog.test">
        <test-method signature="demo()[pri:0, instance:testlog.testlog.test@37052337]" started-at="2022-07-01T15:34:45 IST" name="demo" finished-at="2022-07-01T15:34:45 IST" duration-ms="15" status="PASS">
          <reporter-output>
          </reporter-output>
        </test-method> <!-- demo -->
      </class> <!-- testlog.testlog.test -->
      <class name="testlog.testlog.App">
        <test-method signature="login()[pri:0, instance:testlog.testlog.App@2320fa6f]" started-at="2022-07-01T15:34:45 IST" name="login" finished-at="2022-07-01T15:34:45 IST" duration-ms="6" status="PASS">
          <reporter-output>
          </reporter-output>
        </test-method> <!-- login -->
      </class> <!-- testlog.testlog.App -->
    </test> <!-- Test -->
  </suite> <!-- Suite -->
</testng-results>
